[     519ms] [INFO] %cDownload the React DevTools for a better development experience: https://react.dev/link/react-devtools font-weight:bold @ http://localhost:4174/node_modules/.vite/deps/react-dom_client.js?v=ecf6658f:20102
[     907ms] Error: The argument must be a React element, but you passed null.
    at exports.cloneElement (http://localhost:4174/node_modules/.vite/deps/chunk-S7P5OWKD.js?v=54539c9a:702:17)
    at http://localhost:4174/node_modules/.vite/deps/react-pageflip.js?v=104abb81:1040:37
    at http://localhost:4174/node_modules/.vite/deps/chunk-S7P5OWKD.js?v=54539c9a:342:23
    at mapIntoArray (http://localhost:4174/node_modules/.vite/deps/chunk-S7P5OWKD.js?v=54539c9a:287:22)
    at mapIntoArray (http://localhost:4174/node_modules/.vite/deps/chunk-S7P5OWKD.js?v=54539c9a:304:103)
    at Object.mapChildren [as map] (http://localhost:4174/node_modules/.vite/deps/chunk-S7P5OWKD.js?v=54539c9a:341:9)
    at http://localhost:4174/node_modules/.vite/deps/react-pageflip.js?v=104abb81:1039:55
    at Object.react_stack_bottom_frame (http://localhost:4174/node_modules/.vite/deps/react-dom_client.js?v=ecf6658f:18567:20)
    at runWithFiberInDEV (http://localhost:4174/node_modules/.vite/deps/react-dom_client.js?v=ecf6658f:999:15)
    at commitHookEffectListMount (http://localhost:4174/node_modules/.vite/deps/react-dom_client.js?v=ecf6658f:9411:163)
[     907ms] [WARNING] %s

%s
 An error occurred in the <ForwardRef> component. Consider adding an error boundary to your tree to customize error handling behavior.
Visit https://react.dev/link/error-boundaries to learn more about error boundaries. @ http://localhost:4174/node_modules/.vite/deps/react-dom_client.js?v=ecf6658f:6965
[     908ms] Error: The argument must be a React element, but you passed null.
    at exports.cloneElement (http://localhost:4174/node_modules/.vite/deps/chunk-S7P5OWKD.js?v=54539c9a:702:17)
    at http://localhost:4174/node_modules/.vite/deps/react-pageflip.js?v=104abb81:1040:37
    at http://localhost:4174/node_modules/.vite/deps/chunk-S7P5OWKD.js?v=54539c9a:342:23
    at mapIntoArray (http://localhost:4174/node_modules/.vite/deps/chunk-S7P5OWKD.js?v=54539c9a:287:22)
    at mapIntoArray (http://localhost:4174/node_modules/.vite/deps/chunk-S7P5OWKD.js?v=54539c9a:304:103)
    at Object.mapChildren [as map] (http://localhost:4174/node_modules/.vite/deps/chunk-S7P5OWKD.js?v=54539c9a:341:9)
    at http://localhost:4174/node_modules/.vite/deps/react-pageflip.js?v=104abb81:1039:55
    at Object.react_stack_bottom_frame (http://localhost:4174/node_modules/.vite/deps/react-dom_client.js?v=ecf6658f:18567:20)
    at runWithFiberInDEV (http://localhost:4174/node_modules/.vite/deps/react-dom_client.js?v=ecf6658f:999:15)
    at commitHookEffectListMount (http://localhost:4174/node_modules/.vite/deps/react-dom_client.js?v=ecf6658f:9411:163)
[     908ms] [WARNING] %s

%s
 An error occurred in the <ForwardRef> component. Consider adding an error boundary to your tree to customize error handling behavior.
Visit https://react.dev/link/error-boundaries to learn more about error boundaries. @ http://localhost:4174/node_modules/.vite/deps/react-dom_client.js?v=ecf6658f:6965
